[0m[[0minfo[0m] [0mLoading project definition from /Users/ITPUser/dev/spark/graphx-samples/project[0m
[0m[[0minfo[0m] [0mSet current project to graphx-samples (in build file:/Users/ITPUser/dev/spark/graphx-samples/)[0m
[0m[[0minfo[0m] [0mCompiling 1 Scala source to /Users/ITPUser/dev/spark/graphx-samples/target/scala-2.10/classes...[0m

Multiple main classes detected, select one to run:

 [1] com.teppeistudio.TrimGraphSample
 [2] com.teppeistudio.CalcSeparationSample_smart
 [3] com.teppeistudio.CalcInfluenceSample
 [4] com.teppeistudio.Graphxsamples
 [5] com.teppeistudio.FindCircleGraphSample
 [6] com.teppeistudio.Convert2TreeSample
 [7] com.teppeistudio.CalcSeparationSample

Enter number: 1

[0m[[0minfo[0m] [0mRunning com.teppeistudio.TrimGraphSample [0m


 Confirm Edges ~~~~~~~~~~~~~~~~~~~~~~
Edge(1,2,1)
Edge(2,3,1)
Edge(2,7,1)
Edge(3,4,1)
Edge(3,5,1)
Edge(4,6,1)
Edge(5,4,1)
Edge(7,8,1)
Edge(8,9,1)
Edge(8,10,1)
Edge(9,7,1)
Edge(9,12,1)
Edge(10,11,1)
Edge(12,13,1)
Edge(13,14,1)
Edge(14,15,1)
Edge(15,16,1)
Edge(16,14,1)
Edge(16,17,1)
Edge(17,18,1)


 Confirm Vertices of inTrimed Graph ~~~~~~~~~~~~~~~~~~~~~~


 Confirm Vertices of Trimed Graph ~~~~~~~~~~~~~~~~~~~~~~
[0m[[32msuccess[0m] [0mTotal time: 43 s, completed 2015/05/28 18:43:30[0m
